<?xml version="1.0" encoding="UTF-8"?>
<!-- Generated by org.testng.reporters.JUnitXMLReporter -->
<testsuite hostname="DESKTOP-6NH46FF" ignored="0" name="Test" tests="10" failures="0" timestamp="24 Apr 2020 07:17:50 GMT" time="289.773" errors="0">
  <testcase name="@BeforeMethod Initialization" time="35.927" classname="com.crm.qa.test.HomePageTest">
    <failure type="org.openqa.selenium.TimeoutException" message="timeout: Timed out receiving message from renderer: 29.114
  (Session info: chrome=81.0.4044.122)
Build info: version: &amp;apos;3.14.0&amp;apos;, revision: &amp;apos;aacccce0&amp;apos;, time: &amp;apos;2018-08-02T20:19:58.91Z&amp;apos;
System info: host: &amp;apos;DESKTOP-6NH46FF&amp;apos;, ip: &amp;apos;192.168.1.203&amp;apos;, os.name: &amp;apos;Windows 10&amp;apos;, os.arch: &amp;apos;amd64&amp;apos;, os.version: &amp;apos;10.0&amp;apos;, java.version: &amp;apos;1.8.0_241&amp;apos;
Driver info: org.openqa.selenium.chrome.ChromeDriver
Capabilities {acceptInsecureCerts: false, browserName: chrome, browserVersion: 81.0.4044.122, chrome: {chromedriverVersion: 81.0.4044.69 (6813546031a4b..., userDataDir: C:\Users\DEEPAK~1\AppData\L...}, goog:chromeOptions: {debuggerAddress: localhost:53117}, javascriptEnabled: true, networkConnectionEnabled: false, pageLoadStrategy: normal, platform: WINDOWS, platformName: WINDOWS, proxy: Proxy(), setWindowRect: true, strictFileInteractability: false, timeouts: {implicit: 0, pageLoad: 300000, script: 30000}, unhandledPromptBehavior: dismiss and notify, webauthn:virtualAuthenticators: true}
Session ID: fc436f481e03212eb2e76d77c7af7c09">
      <![CDATA[org.openqa.selenium.TimeoutException: timeout: Timed out receiving message from renderer: 29.114
  (Session info: chrome=81.0.4044.122)
Build info: version: '3.14.0', revision: 'aacccce0', time: '2018-08-02T20:19:58.91Z'
System info: host: 'DESKTOP-6NH46FF', ip: '192.168.1.203', os.name: 'Windows 10', os.arch: 'amd64', os.version: '10.0', java.version: '1.8.0_241'
Driver info: org.openqa.selenium.chrome.ChromeDriver
Capabilities {acceptInsecureCerts: false, browserName: chrome, browserVersion: 81.0.4044.122, chrome: {chromedriverVersion: 81.0.4044.69 (6813546031a4b..., userDataDir: C:\Users\DEEPAK~1\AppData\L...}, goog:chromeOptions: {debuggerAddress: localhost:53117}, javascriptEnabled: true, networkConnectionEnabled: false, pageLoadStrategy: normal, platform: WINDOWS, platformName: WINDOWS, proxy: Proxy(), setWindowRect: true, strictFileInteractability: false, timeouts: {implicit: 0, pageLoad: 300000, script: 30000}, unhandledPromptBehavior: dismiss and notify, webauthn:virtualAuthenticators: true}
Session ID: fc436f481e03212eb2e76d77c7af7c09
	at org.openqa.selenium.remote.http.W3CHttpResponseCodec.createException(W3CHttpResponseCodec.java:187)
	at org.openqa.selenium.remote.http.W3CHttpResponseCodec.decode(W3CHttpResponseCodec.java:122)
	at org.openqa.selenium.remote.http.W3CHttpResponseCodec.decode(W3CHttpResponseCodec.java:49)
	at org.openqa.selenium.remote.HttpCommandExecutor.execute(HttpCommandExecutor.java:158)
	at org.openqa.selenium.remote.service.DriverCommandExecutor.execute(DriverCommandExecutor.java:83)
	at org.openqa.selenium.remote.RemoteWebDriver.execute(RemoteWebDriver.java:548)
	at org.openqa.selenium.remote.RemoteWebDriver.get(RemoteWebDriver.java:276)
	at org.openqa.selenium.support.events.EventFiringWebDriver.lambda$new$1(EventFiringWebDriver.java:105)
	at com.sun.proxy.$Proxy5.get(Unknown Source)
	at org.openqa.selenium.support.events.EventFiringWebDriver.get(EventFiringWebDriver.java:165)
	at com.crm.qa.resources.Base.setup(Base.java:67)
	at com.crm.qa.test.HomePageTest.Initialization(HomePageTest.java:38)
... Removed 39 stack frames]]>
    </failure>
  </testcase> <!-- @BeforeMethod Initialization -->
  <testcase name="@BeforeMethod Initialization" time="0.0" classname="com.crm.qa.test.HomePageTest">
    <skipped/>
  </testcase> <!-- @BeforeMethod Initialization -->
  <testcase name="verifyLoginPageTitle" time="0.056" classname="com.crm.qa.test.LoginPageTest"/>
  <testcase name="verifyHomePageTitle" time="0.012" classname="com.crm.qa.test.HomePageTest"/>
  <testcase name="verifyContactsPageisDisplayed" time="0.278" classname="com.crm.qa.test.ContactsPageTest"/>
  <testcase name="crmLogoIsDisplayed" time="0.188" classname="com.crm.qa.test.LoginPageTest"/>
  <testcase name="verifyUsernameTest" time="0.84" classname="com.crm.qa.test.HomePageTest"/>
  <testcase name="clickOnCheckbox" time="0.104" classname="com.crm.qa.test.ContactsPageTest"/>
  <testcase name="loginTest" time="8.561" classname="com.crm.qa.test.LoginPageTest"/>
  <testcase name="verifyModulesNameTest" time="0.008" classname="com.crm.qa.test.HomePageTest">
    <skipped/>
  </testcase> <!-- verifyModulesNameTest -->
  <testcase name="validateCreateNewContact" time="10.296" classname="com.crm.qa.test.ContactsPageTest"/>
  <testcase name="verifyContactsLinkTest" time="0.0" classname="com.crm.qa.test.HomePageTest">
    <skipped/>
  </testcase> <!-- verifyContactsLinkTest -->
</testsuite> <!-- Test -->
