<?xml version="1.0" encoding="UTF-8"?>
<!-- Generated by org.testng.reporters.JUnitReportReporter -->
<testsuite skipped="4" hostname="DESKTOP-6NH46FF" name="com.crm.qa.test.HomePageTest" tests="5" failures="0" timestamp="20 Apr 2020 08:26:34 GMT" time="3.351" errors="1">
  <testcase name="Initialization" time="3.345" classname="com.crm.qa.test.HomePageTest">
    <error type="org.openqa.selenium.SessionNotCreatedException" message="session not created: This version of ChromeDriver only supports Chrome version 79
Build info: version: &#039;3.14.0&#039;, revision: &#039;aacccce0&#039;, time: &#039;2018-08-02T20:19:58.91Z&#039;
System info: host: &#039;DESKTOP-6NH46FF&#039;, ip: &#039;192.168.1.203&#039;, os.name: &#039;Windows 10&#039;, os.arch: &#039;amd64&#039;, os.version: &#039;10.0&#039;, java.version: &#039;1.8.0_241&#039;
Driver info: driver.version: ChromeDriver
remote stacktrace: Backtrace:
	Ordinal0 [0x005CA113+1548563]
	Ordinal0 [0x0054DDA1+1039777]
	Ordinal0 [0x004CE485+517253]
	Ordinal0 [0x0045FD34+64820]
	Ordinal0 [0x0045C61E+50718]
	Ordinal0 [0x0047B797+178071]
	Ordinal0 [0x0047B59D+177565]
	Ordinal0 [0x004795FB+169467]
	Ordinal0 [0x0046160A+71178]
	Ordinal0 [0x00462690+75408]
	Ordinal0 [0x00462629+75305]
	Ordinal0 [0x005671B7+1143223]
	GetHandleVerifier [0x00662B46+507814]
	GetHandleVerifier [0x00662864+507076]
	GetHandleVerifier [0x00669F47+537511]
	GetHandleVerifier [0x00663402+510050]
	Ordinal0 [0x0055F29C+1110684]
	Ordinal0 [0x0056938B+1151883]
	Ordinal0 [0x005694F3+1152243]
	Ordinal0 [0x005683F5+1147893]
	BaseThreadInitThunk [0x76226359+25]
	RtlGetAppContainerNamedObjectPath [0x77257B74+228]
	RtlGetAppContainerNamedObjectPath [0x77257B44+180]
">
      <![CDATA[org.openqa.selenium.SessionNotCreatedException: session not created: This version of ChromeDriver only supports Chrome version 79
Build info: version: '3.14.0', revision: 'aacccce0', time: '2018-08-02T20:19:58.91Z'
System info: host: 'DESKTOP-6NH46FF', ip: '192.168.1.203', os.name: 'Windows 10', os.arch: 'amd64', os.version: '10.0', java.version: '1.8.0_241'
Driver info: driver.version: ChromeDriver
remote stacktrace: Backtrace:
	Ordinal0 [0x005CA113+1548563]
	Ordinal0 [0x0054DDA1+1039777]
	Ordinal0 [0x004CE485+517253]
	Ordinal0 [0x0045FD34+64820]
	Ordinal0 [0x0045C61E+50718]
	Ordinal0 [0x0047B797+178071]
	Ordinal0 [0x0047B59D+177565]
	Ordinal0 [0x004795FB+169467]
	Ordinal0 [0x0046160A+71178]
	Ordinal0 [0x00462690+75408]
	Ordinal0 [0x00462629+75305]
	Ordinal0 [0x005671B7+1143223]
	GetHandleVerifier [0x00662B46+507814]
	GetHandleVerifier [0x00662864+507076]
	GetHandleVerifier [0x00669F47+537511]
	GetHandleVerifier [0x00663402+510050]
	Ordinal0 [0x0055F29C+1110684]
	Ordinal0 [0x0056938B+1151883]
	Ordinal0 [0x005694F3+1152243]
	Ordinal0 [0x005683F5+1147893]
	BaseThreadInitThunk [0x76226359+25]
	RtlGetAppContainerNamedObjectPath [0x77257B74+228]
	RtlGetAppContainerNamedObjectPath [0x77257B44+180]

	at sun.reflect.NativeConstructorAccessorImpl.newInstance0(Native Method)
	at sun.reflect.NativeConstructorAccessorImpl.newInstance(NativeConstructorAccessorImpl.java:62)
	at sun.reflect.DelegatingConstructorAccessorImpl.newInstance(DelegatingConstructorAccessorImpl.java:45)
	at java.lang.reflect.Constructor.newInstance(Constructor.java:423)
	at org.openqa.selenium.remote.W3CHandshakeResponse.lambda$new$0(W3CHandshakeResponse.java:57)
	at org.openqa.selenium.remote.W3CHandshakeResponse.lambda$getResponseFunction$2(W3CHandshakeResponse.java:104)
	at org.openqa.selenium.remote.ProtocolHandshake.lambda$createSession$0(ProtocolHandshake.java:122)
	at java.util.stream.ReferencePipeline$3$1.accept(ReferencePipeline.java:193)
	at java.util.Spliterators$ArraySpliterator.tryAdvance(Spliterators.java:958)
	at java.util.stream.ReferencePipeline.forEachWithCancel(ReferencePipeline.java:126)
	at java.util.stream.AbstractPipeline.copyIntoWithCancel(AbstractPipeline.java:499)
	at java.util.stream.AbstractPipeline.copyInto(AbstractPipeline.java:486)
	at java.util.stream.AbstractPipeline.wrapAndCopyInto(AbstractPipeline.java:472)
	at java.util.stream.FindOps$FindOp.evaluateSequential(FindOps.java:152)
	at java.util.stream.AbstractPipeline.evaluate(AbstractPipeline.java:234)
	at java.util.stream.ReferencePipeline.findFirst(ReferencePipeline.java:464)
	at org.openqa.selenium.remote.ProtocolHandshake.createSession(ProtocolHandshake.java:125)
	at org.openqa.selenium.remote.ProtocolHandshake.createSession(ProtocolHandshake.java:73)
	at org.openqa.selenium.remote.HttpCommandExecutor.execute(HttpCommandExecutor.java:136)
	at org.openqa.selenium.remote.service.DriverCommandExecutor.execute(DriverCommandExecutor.java:83)
	at org.openqa.selenium.remote.RemoteWebDriver.execute(RemoteWebDriver.java:548)
	at org.openqa.selenium.remote.RemoteWebDriver.startSession(RemoteWebDriver.java:212)
	at org.openqa.selenium.remote.RemoteWebDriver.<init>(RemoteWebDriver.java:130)
	at org.openqa.selenium.chrome.ChromeDriver.<init>(ChromeDriver.java:181)
	at org.openqa.selenium.chrome.ChromeDriver.<init>(ChromeDriver.java:168)
	at org.openqa.selenium.chrome.ChromeDriver.<init>(ChromeDriver.java:123)
	at com.crm.qa.resources.Base.setup(Base.java:43)
	at com.crm.qa.test.HomePageTest.Initialization(HomePageTest.java:38)
	at sun.reflect.NativeMethodAccessorImpl.invoke0(Native Method)
	at sun.reflect.NativeMethodAccessorImpl.invoke(NativeMethodAccessorImpl.java:62)
	at sun.reflect.DelegatingMethodAccessorImpl.invoke(DelegatingMethodAccessorImpl.java:43)
	at java.lang.reflect.Method.invoke(Method.java:498)
	at org.testng.internal.MethodInvocationHelper.invokeMethod(MethodInvocationHelper.java:108)
	at org.testng.internal.Invoker.invokeConfigurationMethod(Invoker.java:523)
	at org.testng.internal.Invoker.invokeConfigurations(Invoker.java:224)
	at org.testng.internal.Invoker.invokeMethod(Invoker.java:599)
	at org.testng.internal.Invoker.invokeTestMethod(Invoker.java:869)
	at org.testng.internal.Invoker.invokeTestMethods(Invoker.java:1193)
	at org.testng.internal.TestMethodWorker.invokeTestMethods(TestMethodWorker.java:126)
	at org.testng.internal.TestMethodWorker.run(TestMethodWorker.java:109)
	at org.testng.TestRunner.privateRun(TestRunner.java:744)
	at org.testng.TestRunner.run(TestRunner.java:602)
	at org.testng.SuiteRunner.runTest(SuiteRunner.java:380)
	at org.testng.SuiteRunner.runSequentially(SuiteRunner.java:375)
	at org.testng.SuiteRunner.privateRun(SuiteRunner.java:340)
	at org.testng.SuiteRunner.run(SuiteRunner.java:289)
	at org.testng.SuiteRunnerWorker.runSuite(SuiteRunnerWorker.java:52)
	at org.testng.SuiteRunnerWorker.run(SuiteRunnerWorker.java:86)
	at org.testng.TestNG.runSuitesSequentially(TestNG.java:1301)
	at org.testng.TestNG.runSuitesLocally(TestNG.java:1226)
	at org.testng.TestNG.runSuites(TestNG.java:1144)
	at org.testng.TestNG.run(TestNG.java:1115)
	at org.testng.remote.AbstractRemoteTestNG.run(AbstractRemoteTestNG.java:115)
	at org.testng.remote.RemoteTestNG.initAndRun(RemoteTestNG.java:251)
	at org.testng.remote.RemoteTestNG.main(RemoteTestNG.java:77)
]]>
    </error>
  </testcase> <!-- Initialization -->
  <testcase name="verifyHomePageTitle" time="0.006" classname="com.crm.qa.test.HomePageTest">
    <skipped/>
  </testcase> <!-- verifyHomePageTitle -->
  <testcase name="verifyUsernameTest" time="0.000" classname="com.crm.qa.test.HomePageTest">
    <skipped/>
  </testcase> <!-- verifyUsernameTest -->
  <testcase name="verifyModulesNameTest" time="0.000" classname="com.crm.qa.test.HomePageTest">
    <skipped/>
  </testcase> <!-- verifyModulesNameTest -->
  <testcase name="verifyContactsLinkTest" time="0.000" classname="com.crm.qa.test.HomePageTest">
    <skipped/>
  </testcase> <!-- verifyContactsLinkTest -->
</testsuite> <!-- com.crm.qa.test.HomePageTest -->
